Removed Pin From Net: NetName=Net*_12 Pin=HCTL-1
Removed Pin From Net: NetName=Net*_9 Pin=HCTL-2
Removed Pin From Net: NetName=Net*_14 Pin=HCTL-3
Removed Pin From Net: NetName=Net*_11 Pin=HCTL-4
Removed Pin From Net: NetName=Net*_16 Pin=HCTL-5
Removed Pin From Net: NetName=Net*_15 Pin=HCTL-6
Removed Pin From Net: NetName=Net*_18 Pin=HCTL-7
Removed Pin From Net: NetName=Net*_17 Pin=HCTL-8
Removed Pin From Net: NetName=Net*_95 Pin=HCTL-9
Removed Pin From Net: NetName=Net*_94 Pin=HCTL-10
Removed Pin From Net: NetName=Net*_93 Pin=HCTL-11
Removed Pin From Net: NetName=Net*_92 Pin=HCTL-12
Removed Pin From Net: NetName=Net*_91 Pin=HCTL-13
Removed Pin From Net: NetName=Net*_90 Pin=HCTL-14
Removed Pin From Net: NetName=Net*_87 Pin=HCTL-15
Removed Pin From Net: NetName=Net*_88 Pin=HCTL-16
Change Component DesignItemId : Designator=HCTL Old DesignItemId=Header 8X2 New DesignItemId=Header 11X2
Change Component Footprint: Designator=HCTL Old Footprint=HDR2X8 New Footprint=HDR2X11
Change Component Comment : Designator=HCTL Old Comment=Header 8X2 New Comment=Header 11X2
Added Pin To Net: NetName=GND Pin=HCTL-1
Added Pin To Net: NetName=5V Pin=HCTL-2
Added Pin To Net: NetName=Net*_12 Pin=HCTL-7
Added Pin To Net: NetName=Net*_9 Pin=HCTL-8
Added Pin To Net: NetName=Net*_14 Pin=HCTL-9
Added Pin To Net: NetName=Net*_11 Pin=HCTL-10
Added Pin To Net: NetName=Net*_16 Pin=HCTL-11
Added Pin To Net: NetName=Net*_15 Pin=HCTL-12
Added Pin To Net: NetName=Net*_18 Pin=HCTL-13
Added Pin To Net: NetName=Net*_17 Pin=HCTL-14
Added Pin To Net: NetName=Net*_95 Pin=HCTL-15
Added Pin To Net: NetName=Net*_94 Pin=HCTL-16
Added Pin To Net: NetName=Net*_93 Pin=HCTL-17
Added Pin To Net: NetName=Net*_92 Pin=HCTL-18
Added Pin To Net: NetName=Net*_91 Pin=HCTL-19
Added Pin To Net: NetName=Net*_90 Pin=HCTL-20
Added Pin To Net: NetName=Net*_87 Pin=HCTL-21
Added Pin To Net: NetName=Net*_88 Pin=HCTL-22
Added Pin To Net: NetName=NetHCTL_3 Pin=HCTL-3
Added Net: Name=NetHCTL_3
Added Pin To Net: NetName=NetHCTL_4 Pin=HCTL-4
Added Net: Name=NetHCTL_4
Added Pin To Net: NetName=NetHCTL_5 Pin=HCTL-5
Added Net: Name=NetHCTL_5
Added Pin To Net: NetName=NetHCTL_6 Pin=HCTL-6
Added Net: Name=NetHCTL_6
