Added Component: Designator=*(STM32F3)
Added Component: Designator=HC05(HDR1X4)
Added Component: Designator=HC-SR04 1(HDR1X4)
Added Component: Designator=HC-SR04 2(HDR1X4)
Added Component: Designator=Motor(HDR1X8)
Added Component: Designator=P?(HDR1X3)
Added Component: Designator=Servo(HDR1X3)
Added Component: Designator=SR1 1(AXIAL-0.3)
Added Component: Designator=SR1 2(AXIAL-0.3)
Added Component: Designator=SR2 1(AXIAL-0.3)
Added Component: Designator=SR2 2(AXIAL-0.3)
Added Pin To Net: NetName=GND Pin=*-3
Added Pin To Net: NetName=Net*_25 Pin=*-25
Added Pin To Net: NetName=Net*_39 Pin=*-39
Added Pin To Net: NetName=Net*_40 Pin=*-40
Added Pin To Net: NetName=Net*_41 Pin=*-41
Added Pin To Net: NetName=Net*_42 Pin=*-42
Added Pin To Net: NetName=5V Pin=*-52
Added Pin To Net: NetName=Net*_53 Pin=*-53
Added Pin To Net: NetName=Net*_75 Pin=*-75
Added Pin To Net: NetName=Net*_78 Pin=*-78
Added Pin To Net: NetName=Net*_80 Pin=*-80
Added Pin To Net: NetName=Net*_85 Pin=*-85
Added Pin To Net: NetName=Net*_86 Pin=*-86
Added Pin To Net: NetName=Net*_85 Pin=HC05-1
Added Pin To Net: NetName=Net*_86 Pin=HC05-2
Added Pin To Net: NetName=GND Pin=HC05-3
Added Pin To Net: NetName=5V Pin=HC05-4
Added Pin To Net: NetName=GND Pin=HC-SR04 1-1
Added Pin To Net: NetName=NetHC-SR04 1_2 Pin=HC-SR04 1-2
Added Pin To Net: NetName=NetHC-SR04 1_3 Pin=HC-SR04 1-3
Added Pin To Net: NetName=5V Pin=HC-SR04 1-4
Added Pin To Net: NetName=GND Pin=HC-SR04 2-1
Added Pin To Net: NetName=NetHC-SR04 2_2 Pin=HC-SR04 2-2
Added Pin To Net: NetName=NetHC-SR04 1_3 Pin=HC-SR04 2-3
Added Pin To Net: NetName=5V Pin=HC-SR04 2-4
Added Pin To Net: NetName=GND Pin=Motor-1
Added Pin To Net: NetName=5V Pin=Motor-2
Added Pin To Net: NetName=Net*_40 Pin=Motor-3
Added Pin To Net: NetName=Net*_39 Pin=Motor-4
Added Pin To Net: NetName=Net*_78 Pin=Motor-5
Added Pin To Net: NetName=Net*_75 Pin=Motor-6
Added Pin To Net: NetName=Net*_42 Pin=Motor-7
Added Pin To Net: NetName=Net*_41 Pin=Motor-8
Added Pin To Net: NetName=GND Pin=P?-1
Added Pin To Net: NetName=5V Pin=P?-3
Added Pin To Net: NetName=GND Pin=Servo-1
Added Pin To Net: NetName=5V Pin=Servo-2
Added Pin To Net: NetName=Net*_80 Pin=Servo-3
Added Pin To Net: NetName=Net*_25 Pin=SR1 1-1
Added Pin To Net: NetName=NetHC-SR04 1_2 Pin=SR1 1-2
Added Pin To Net: NetName=GND Pin=SR1 2-1
Added Pin To Net: NetName=Net*_25 Pin=SR1 2-2
Added Pin To Net: NetName=Net*_53 Pin=SR2 1-1
Added Pin To Net: NetName=NetHC-SR04 2_2 Pin=SR2 1-2
Added Pin To Net: NetName=GND Pin=SR2 2-1
Added Pin To Net: NetName=Net*_53 Pin=SR2 2-2
Added Member To Class: ClassName=Mekatron Member=Component * STM32F3Discovery
Added Member To Class: ClassName=Mekatron Member=Component HC05 Header 4
Added Member To Class: ClassName=Mekatron Member=Component HC-SR04 1 Header 4
Added Member To Class: ClassName=Mekatron Member=Component HC-SR04 2 Header 4
Added Member To Class: ClassName=Mekatron Member=Component Motor Header 8
Added Member To Class: ClassName=Mekatron Member=Component P? Header 3
Added Member To Class: ClassName=Mekatron Member=Component Servo Header 3
Added Member To Class: ClassName=Mekatron Member=Component SR1 1 Res1
Added Member To Class: ClassName=Mekatron Member=Component SR1 2 Res1
Added Member To Class: ClassName=Mekatron Member=Component SR2 1 Res1
Added Member To Class: ClassName=Mekatron Member=Component SR2 2 Res1
Added Room: Name=Mekatron
