Removed Pin From Net: NetName=Net*_78 Pin=HC05-2
Removed Member From Class: ClassName=Mekatron Member=Encoder L
Removed Member From Class: ClassName=Mekatron Member=Encoder R
Removed Member From Class: ClassName=Mekatron Member=Motor L
Removed Member From Class: ClassName=Mekatron Member=Motor R
Added Component: Designator=Motor(HDR1X8)
Added Pin To Net: NetName=NetHC-SR04 1_3 Pin=HC-SR04 2-3
Added Pin To Net: NetName=GND Pin=Motor-1
Added Pin To Net: NetName=5V Pin=Motor-2
Added Pin To Net: NetName=Net*_78 Pin=Motor-5
Added Pin To Net: NetName=Net*_25 Pin=*-25
Added Pin To Net: NetName=Net*_25 Pin=SR1 1-1
Added Pin To Net: NetName=Net*_25 Pin=SR1 2-2
Added Net: Name=Net*_25
Added Pin To Net: NetName=Net*_39 Pin=*-39
Added Pin To Net: NetName=Net*_39 Pin=Motor-4
Added Net: Name=Net*_39
Added Pin To Net: NetName=Net*_40 Pin=*-40
Added Pin To Net: NetName=Net*_40 Pin=Motor-3
Added Net: Name=Net*_40
Added Pin To Net: NetName=Net*_41 Pin=*-41
Added Pin To Net: NetName=Net*_41 Pin=Motor-8
Added Net: Name=Net*_41
Added Pin To Net: NetName=Net*_42 Pin=*-42
Added Pin To Net: NetName=Net*_42 Pin=Motor-7
Added Net: Name=Net*_42
Added Pin To Net: NetName=Net*_53 Pin=*-53
Added Pin To Net: NetName=Net*_53 Pin=SR2 1-1
Added Pin To Net: NetName=Net*_53 Pin=SR2 2-2
Added Net: Name=Net*_53
Added Pin To Net: NetName=Net*_75 Pin=*-75
Added Pin To Net: NetName=Net*_75 Pin=Motor-6
Added Net: Name=Net*_75
Added Pin To Net: NetName=Net*_80 Pin=*-80
Added Pin To Net: NetName=Net*_80 Pin=Servo-3
Added Net: Name=Net*_80
Added Pin To Net: NetName=Net*_85 Pin=*-85
Added Pin To Net: NetName=Net*_85 Pin=HC05-1
Added Net: Name=Net*_85
Added Pin To Net: NetName=Net*_86 Pin=*-86
Added Pin To Net: NetName=Net*_86 Pin=HC05-2
Added Net: Name=Net*_86
Added Member To Class: ClassName=Mekatron Member=Component Motor Header 8
Added Room: Name=Mekatron
