Removed Pin From Net: NetName=Net*_80 Pin=Motor-1
Removed Pin From Net: NetName=Net*_82 Pin=Motor-2
Removed Pin From Net: NetName=Net*_84 Pin=Motor-3
Removed Pin From Net: NetName=Net*_74 Pin=Motor-4
Removed Pin From Net: NetName=Net*_76 Pin=Motor-5
Removed Pin From Net: NetName=Net*_78 Pin=Motor-6
Added Pin To Net: NetName=NetMotor_1 Pin=Motor-1
Added Pin To Net: NetName=NetMotor_1 Pin=U?-11
Added Net: Name=NetMotor_1
Added Pin To Net: NetName=NetMotor_2 Pin=Motor-2
Added Pin To Net: NetName=NetMotor_2 Pin=U?-12
Added Net: Name=NetMotor_2
Added Pin To Net: NetName=NetMotor_3 Pin=Motor-3
Added Pin To Net: NetName=NetMotor_3 Pin=U?-13
Added Net: Name=NetMotor_3
Added Pin To Net: NetName=NetMotor_4 Pin=Motor-4
Added Pin To Net: NetName=NetMotor_4 Pin=U?-14
Added Net: Name=NetMotor_4
Added Pin To Net: NetName=NetMotor_5 Pin=Motor-5
Added Pin To Net: NetName=NetMotor_5 Pin=U?-15
Added Net: Name=NetMotor_5
Added Pin To Net: NetName=NetMotor_6 Pin=Motor-6
Added Pin To Net: NetName=NetMotor_6 Pin=U?-16
Added Net: Name=NetMotor_6
Added Pin To Net: NetName=NetU?_4 Pin=U?-4
Added Net: Name=NetU?_4
Added Pin To Net: NetName=NetU?_5 Pin=U?-5
Added Net: Name=NetU?_5
Added Pin To Net: NetName=NetU?_6 Pin=U?-6
Added Net: Name=NetU?_6
Added Pin To Net: NetName=NetU?_7 Pin=U?-7
Added Net: Name=NetU?_7
Added Pin To Net: NetName=NetU?_8 Pin=U?-8
Added Net: Name=NetU?_8
Added Pin To Net: NetName=NetU?_9 Pin=U?-9
Added Net: Name=NetU?_9
