Added Component: Designator=*(STM32F3)
Added Component: Designator=Encoder L(HDR1X4)
Added Component: Designator=Encoder R(HDR1X4)
Added Component: Designator=HC05(HDR1X4)
Added Component: Designator=HC-SR04 1(HDR1X4)
Added Component: Designator=HC-SR04 2(HDR1X4)
Added Component: Designator=Motor L(HDR1X4)
Added Component: Designator=Motor R(HDR1X4)
Added Component: Designator=Servo(HDR1X3)
Added Component: Designator=SR1 1(AXIAL-0.3)
Added Component: Designator=SR1 2(AXIAL-0.3)
Added Component: Designator=SR2 1(AXIAL-0.3)
Added Component: Designator=SR2 2(AXIAL-0.3)
Added Pin To Net: NetName=3V Pin=*-1
Added Net: Name=3V
Added Pin To Net: NetName=5V Pin=*-52
Added Pin To Net: NetName=5V Pin=HC05-4
Added Pin To Net: NetName=5V Pin=HC-SR04 1-4
Added Pin To Net: NetName=5V Pin=HC-SR04 2-4
Added Pin To Net: NetName=5V Pin=Servo-2
Added Net: Name=5V
Added Pin To Net: NetName=GND Pin=*-3
Added Pin To Net: NetName=GND Pin=HC05-3
Added Pin To Net: NetName=GND Pin=HC-SR04 1-1
Added Pin To Net: NetName=GND Pin=HC-SR04 2-1
Added Pin To Net: NetName=GND Pin=Servo-1
Added Pin To Net: NetName=GND Pin=SR1 2-1
Added Pin To Net: NetName=GND Pin=SR2 2-1
Added Net: Name=GND
Added Pin To Net: NetName=Net*_77 Pin=*-77
Added Pin To Net: NetName=Net*_77 Pin=HC05-1
Added Net: Name=Net*_77
Added Pin To Net: NetName=Net*_78 Pin=*-78
Added Pin To Net: NetName=Net*_78 Pin=HC05-2
Added Net: Name=Net*_78
Added Pin To Net: NetName=NetHC-SR04 1_2 Pin=HC-SR04 1-2
Added Pin To Net: NetName=NetHC-SR04 1_2 Pin=SR1 1-2
Added Net: Name=NetHC-SR04 1_2
Added Pin To Net: NetName=NetHC-SR04 1_3 Pin=HC-SR04 1-3
Added Net: Name=NetHC-SR04 1_3
Added Pin To Net: NetName=NetHC-SR04 2_2 Pin=HC-SR04 2-2
Added Pin To Net: NetName=NetHC-SR04 2_2 Pin=SR2 1-2
Added Net: Name=NetHC-SR04 2_2
Added Pin To Net: NetName=NetHC-SR04 2_3 Pin=HC-SR04 2-3
Added Net: Name=NetHC-SR04 2_3
Added Pin To Net: NetName=NetServo_3 Pin=Servo-3
Added Net: Name=NetServo_3
Added Pin To Net: NetName=NetSR1 1_1 Pin=SR1 1-1
Added Pin To Net: NetName=NetSR1 1_1 Pin=SR1 2-2
Added Net: Name=NetSR1 1_1
Added Pin To Net: NetName=NetSR2 1_1 Pin=SR2 1-1
Added Pin To Net: NetName=NetSR2 1_1 Pin=SR2 2-2
Added Net: Name=NetSR2 1_1
Added Class: Name=Mekatron
Added Room: Name=Mekatron
